2023-03-10T00:32:15.391Z INFO GATE:121A LOCATION:Calgary ID:ABC IN
2023-03-10T00:32:26.738Z INFO GATE:121A LOCATION:Calgary ID:ABC OUT
2023-03-10T00:53:21.898Z INFO GATE:121A LOCATION:Calgary ID:ABC IN
2023-03-10T00:53:31.204Z INFO GATE:121A LOCATION:Calgary ID:ABC OUT
2023-03-10T00:58:00.902Z INFO GATE:8 LOCATION:Calgary ID:xyz IN
2023-03-10T00:58:07.948Z INFO GATE:22 LOCATION:Toronto ID:lmo IN
2023-03-10T00:58:12.986Z INFO GATE:122 LOCATION:Montreal ID:pqr IN
2023-03-10T00:58:17.027Z INFO GATE:22 LOCATION:Toronto ID:lmo OUT
2023-03-10T00:58:22.060Z INFO GATE:8 LOCATION:Calgary ID:xyz OUT
2023-03-10T00:58:31.092Z INFO GATE:122 LOCATION:Montreal ID:pqr OUT
2023-03-10T00:58:31.110Z INFO GATE:8 LOCATION:Calgary ID:xyz IN
2023-03-10T00:58:39.149Z INFO GATE:22 LOCATION:Toronto ID:lmo IN
2023-03-10T00:58:41.188Z INFO GATE:122 LOCATION:Montreal ID:pqr IN
2023-03-10T00:58:43.225Z INFO GATE:22 LOCATION:Toronto ID:lmo OUT
2023-03-10T00:58:50.253Z INFO GATE:8 LOCATION:Calgary ID:xyz OUT
2023-03-10T00:58:58.297Z INFO GATE:122 LOCATION:Montreal ID:pqr OUT
2023-03-10T00:58:58.317Z INFO GATE:8 LOCATION:Calgary ID:xyz IN
2023-03-10T00:59:06.367Z INFO GATE:22 LOCATION:Toronto ID:lmo IN
2023-03-10T00:59:12.415Z INFO GATE:122 LOCATION:Montreal ID:pqr IN
2023-03-10T00:59:14.443Z INFO GATE:22 LOCATION:Toronto ID:lmo OUT
2023-03-10T00:59:17.499Z INFO GATE:8 LOCATION:Calgary ID:xyz OUT
2023-03-10T00:59:24.562Z INFO GATE:122 LOCATION:Montreal ID:pqr OUT
2023-03-10T00:59:24.581Z INFO GATE:8 LOCATION:Calgary ID:xyz IN
2023-03-10T00:59:26.616Z INFO GATE:22 LOCATION:Toronto ID:lmo IN
2023-03-10T00:59:27.037Z INFO GATE:91 LOCATION:Halifax ID:TruckingCo IN
2023-03-10T00:59:30.650Z INFO GATE:122 LOCATION:Montreal ID:pqr IN
2023-03-10T00:59:37.824Z INFO GATE:91 LOCATION:Halifax ID:TruckingCo OUT
2023-03-10T00:59:39.695Z INFO GATE:22 LOCATION:Toronto ID:lmo OUT
2023-03-10T00:59:44.758Z INFO GATE:8 LOCATION:Calgary ID:xyz OUT
2023-03-10T00:59:53.816Z INFO GATE:122 LOCATION:Montreal ID:pqr OUT
2023-03-10T00:59:53.840Z INFO GATE:8 LOCATION:Calgary ID:xyz IN
2023-03-10T00:59:57.867Z INFO GATE:22 LOCATION:Toronto ID:lmo IN
2023-03-10T01:00:04.901Z INFO GATE:122 LOCATION:Montreal ID:pqr IN
2023-03-10T01:00:09.949Z INFO GATE:22 LOCATION:Toronto ID:lmo OUT
2023-03-10T01:00:18.995Z INFO GATE:8 LOCATION:Calgary ID:xyz OUT
2023-03-10T01:00:27.037Z INFO GATE:122 LOCATION:Montreal ID:pqr OUT
2023-03-10T01:00:27.055Z INFO GATE:8 LOCATION:Calgary ID:xyz IN
2023-03-10T01:00:29.093Z INFO GATE:22 LOCATION:Toronto ID:lmo IN
2023-03-10T01:00:35.065Z INFO GATE:122 LOCATION:Montreal ID:pqr IN
2023-03-10T01:00:43.104Z INFO GATE:22 LOCATION:Toronto ID:lmo OUT
2023-03-10T01:00:50.132Z INFO GATE:8 LOCATION:Calgary ID:xyz OUT
2023-03-10T01:00:57.170Z INFO GATE:122 LOCATION:Montreal ID:pqr OUT
2023-03-10T01:00:57.189Z INFO GATE:8 LOCATION:Calgary ID:xyz IN
2023-03-10T01:01:01.223Z INFO GATE:22 LOCATION:Toronto ID:lmo IN
2023-03-10T01:01:08.252Z INFO GATE:122 LOCATION:Montreal ID:pqr IN
2023-03-10T01:01:12.281Z INFO GATE:22 LOCATION:Toronto ID:lmo OUT
2023-03-10T01:01:17.319Z INFO GATE:8 LOCATION:Calgary ID:xyz OUT
2023-03-10T01:01:26.360Z INFO GATE:122 LOCATION:Montreal ID:pqr OUT
2023-03-10T01:01:26.380Z INFO GATE:8 LOCATION:Calgary ID:xyz IN
2023-03-10T01:01:28.422Z INFO GATE:22 LOCATION:Toronto ID:lmo IN
2023-03-10T01:01:30.463Z INFO GATE:122 LOCATION:Montreal ID:pqr IN
2023-03-10T01:01:37.506Z INFO GATE:22 LOCATION:Toronto ID:lmo OUT
2023-03-10T01:01:46.549Z INFO GATE:8 LOCATION:Calgary ID:xyz OUT
2023-03-10T01:01:49.583Z INFO GATE:122 LOCATION:Montreal ID:pqr OUT
2023-03-10T01:01:49.606Z INFO GATE:8 LOCATION:Calgary ID:xyz IN
2023-03-10T01:01:51.655Z INFO GATE:22 LOCATION:Toronto ID:lmo IN
2023-03-10T01:01:53.692Z INFO GATE:122 LOCATION:Montreal ID:pqr IN
2023-03-10T01:02:00.730Z INFO GATE:22 LOCATION:Toronto ID:lmo OUT
2023-03-10T01:02:09.758Z INFO GATE:8 LOCATION:Calgary ID:xyz OUT
2023-03-10T01:02:14.798Z INFO GATE:122 LOCATION:Montreal ID:pqr OUT
2023-03-10T01:02:14.818Z INFO GATE:8 LOCATION:Calgary ID:xyz IN
2023-03-10T01:02:17.844Z INFO GATE:22 LOCATION:Toronto ID:lmo IN
2023-03-10T01:02:20.871Z INFO GATE:122 LOCATION:Montreal ID:pqr IN
2023-03-10T01:02:25.908Z INFO GATE:22 LOCATION:Toronto ID:lmo OUT
2023-03-10T01:02:28.939Z INFO GATE:8 LOCATION:Calgary ID:xyz OUT
2023-03-10T01:02:35.964Z INFO GATE:122 LOCATION:Montreal ID:pqr OUT
2023-03-10T01:02:35.982Z INFO GATE:8 LOCATION:Calgary ID:xyz IN
2023-03-10T01:02:45.022Z INFO GATE:22 LOCATION:Toronto ID:lmo IN
2023-03-10T01:02:51.068Z INFO GATE:122 LOCATION:Montreal ID:pqr IN
2023-03-10T01:02:58.104Z INFO GATE:22 LOCATION:Toronto ID:lmo OUT
2023-03-10T01:03:05.140Z INFO GATE:8 LOCATION:Calgary ID:xyz OUT
2023-03-10T01:03:13.177Z INFO GATE:122 LOCATION:Montreal ID:pqr OUT
2023-03-10T01:03:13.198Z INFO GATE:8 LOCATION:Calgary ID:xyz IN
2023-03-10T01:03:22.240Z INFO GATE:22 LOCATION:Toronto ID:lmo IN
2023-03-10T01:03:30.270Z INFO GATE:122 LOCATION:Montreal ID:pqr IN
2023-03-10T01:03:39.301Z INFO GATE:22 LOCATION:Toronto ID:lmo OUT
2023-03-10T01:03:47.350Z INFO GATE:8 LOCATION:Calgary ID:xyz OUT
2023-03-10T01:03:49.377Z INFO GATE:122 LOCATION:Montreal ID:pqr OUT
2023-03-10T01:03:49.396Z INFO GATE:8 LOCATION:Calgary ID:xyz IN
2023-03-10T01:03:57.433Z INFO GATE:22 LOCATION:Toronto ID:lmo IN
2023-03-10T01:04:04.472Z INFO GATE:122 LOCATION:Montreal ID:pqr IN
2023-03-10T01:04:12.514Z INFO GATE:22 LOCATION:Toronto ID:lmo OUT
2023-03-10T01:04:21.552Z INFO GATE:8 LOCATION:Calgary ID:xyz OUT
2023-03-10T01:04:23.585Z INFO GATE:122 LOCATION:Montreal ID:pqr OUT
2023-03-10T01:04:23.607Z INFO GATE:8 LOCATION:Calgary ID:xyz IN
2023-03-10T01:04:29.639Z INFO GATE:22 LOCATION:Toronto ID:lmo IN
2023-03-10T01:04:31.680Z INFO GATE:122 LOCATION:Montreal ID:pqr IN
2023-03-10T01:04:36.706Z INFO GATE:22 LOCATION:Toronto ID:lmo OUT
2023-03-10T02:03:07.370Z INFO GATE:91 LOCATION:Halifax ID:TruckingCo IN
2023-03-10T02:03:37.274Z INFO GATE:91 LOCATION:Halifax ID:TruckingCo OUT
2023-03-10T02:04:08.259Z INFO GATE:121A LOCATION:Calgary ID:ABC IN
2023-03-10T02:04:24.414Z INFO GATE:121A LOCATION:Calgary ID:ABC OUT
2023-03-10T02:09:11.074Z INFO GATE:8 LOCATION:Calgary ID:xyz IN
2023-03-10T02:09:20.124Z INFO GATE:22 LOCATION:Toronto ID:lmo IN
2023-03-10T02:09:29.174Z INFO GATE:122 LOCATION:Montreal ID:pqr IN
2023-03-10T02:09:36.213Z INFO GATE:22 LOCATION:Toronto ID:lmo OUT
2023-03-10T02:09:38.245Z INFO GATE:8 LOCATION:Calgary ID:xyz OUT
2023-03-10T02:09:47.272Z INFO GATE:122 LOCATION:Montreal ID:pqr OUT
2023-03-10T02:09:47.290Z INFO GATE:8 LOCATION:Calgary ID:xyz IN
2023-03-10T02:09:53.319Z INFO GATE:22 LOCATION:Toronto ID:lmo IN
2023-03-10T02:10:01.383Z INFO GATE:122 LOCATION:Montreal ID:pqr IN
2023-03-10T02:10:10.411Z INFO GATE:22 LOCATION:Toronto ID:lmo OUT
2023-03-10T02:10:19.446Z INFO GATE:8 LOCATION:Calgary ID:xyz OUT
2023-03-10T02:10:25.474Z INFO GATE:122 LOCATION:Montreal ID:pqr OUT
2023-03-10T02:10:25.491Z INFO GATE:8 LOCATION:Calgary ID:xyz IN
2023-03-10T02:10:29.521Z INFO GATE:22 LOCATION:Toronto ID:lmo IN
2023-03-10T02:10:35.565Z INFO GATE:122 LOCATION:Montreal ID:pqr IN
2023-03-10T02:10:42.605Z INFO GATE:22 LOCATION:Toronto ID:lmo OUT
2023-03-10T02:10:48.652Z INFO GATE:8 LOCATION:Calgary ID:xyz OUT
2023-03-10T02:10:51.693Z INFO GATE:122 LOCATION:Montreal ID:pqr OUT
2023-03-10T02:10:51.713Z INFO GATE:8 LOCATION:Calgary ID:xyz IN
2023-03-10T02:10:58.743Z INFO GATE:22 LOCATION:Toronto ID:lmo IN
2023-03-10T02:11:02.784Z INFO GATE:122 LOCATION:Montreal ID:pqr IN
2023-03-10T02:11:11.829Z INFO GATE:22 LOCATION:Toronto ID:lmo OUT
2023-03-10T02:11:20.860Z INFO GATE:8 LOCATION:Calgary ID:xyz OUT
2023-03-10T02:11:26.898Z INFO GATE:122 LOCATION:Montreal ID:pqr OUT
2023-03-10T02:11:26.918Z INFO GATE:8 LOCATION:Calgary ID:xyz IN
2023-03-10T02:11:33.951Z INFO GATE:22 LOCATION:Toronto ID:lmo IN
2023-03-10T02:11:40.025Z INFO GATE:122 LOCATION:Montreal ID:pqr IN
2023-03-10T02:11:43.069Z INFO GATE:22 LOCATION:Toronto ID:lmo OUT
2023-03-10T02:11:45.114Z INFO GATE:8 LOCATION:Calgary ID:xyz OUT
2023-03-10T02:11:47.142Z INFO GATE:122 LOCATION:Montreal ID:pqr OUT
2023-03-10T02:11:47.160Z INFO GATE:8 LOCATION:Calgary ID:xyz IN
2023-03-10T02:11:49.201Z INFO GATE:22 LOCATION:Toronto ID:lmo IN
2023-03-10T02:11:54.237Z INFO GATE:122 LOCATION:Montreal ID:pqr IN
2023-03-10T02:11:59.278Z INFO GATE:22 LOCATION:Toronto ID:lmo OUT
2023-03-10T02:12:05.307Z INFO GATE:8 LOCATION:Calgary ID:xyz OUT
2023-03-10T02:12:08.349Z INFO GATE:122 LOCATION:Montreal ID:pqr OUT
2023-03-10T02:12:08.369Z INFO GATE:8 LOCATION:Calgary ID:xyz IN
2023-03-10T02:12:15.389Z INFO GATE:22 LOCATION:Toronto ID:lmo IN
2023-03-10T02:12:21.437Z INFO GATE:122 LOCATION:Montreal ID:pqr IN
2023-03-10T02:12:28.474Z INFO GATE:22 LOCATION:Toronto ID:lmo OUT
2023-03-10T02:12:36.505Z INFO GATE:8 LOCATION:Calgary ID:xyz OUT
2023-03-10T02:12:39.543Z INFO GATE:122 LOCATION:Montreal ID:pqr OUT
2023-03-10T02:12:39.562Z INFO GATE:8 LOCATION:Calgary ID:xyz IN
2023-03-10T02:12:43.585Z INFO GATE:22 LOCATION:Toronto ID:lmo IN
2023-03-10T02:12:50.624Z INFO GATE:122 LOCATION:Montreal ID:pqr IN
2023-03-10T02:12:59.662Z INFO GATE:22 LOCATION:Toronto ID:lmo OUT
2023-03-10T02:13:06.690Z INFO GATE:8 LOCATION:Calgary ID:xyz OUT
2023-03-10T02:13:13.730Z INFO GATE:122 LOCATION:Montreal ID:pqr OUT
2023-03-10T02:13:13.750Z INFO GATE:8 LOCATION:Calgary ID:xyz IN
2023-03-10T02:13:17.786Z INFO GATE:22 LOCATION:Toronto ID:lmo IN
2023-03-10T02:13:19.825Z INFO GATE:122 LOCATION:Montreal ID:pqr IN
2023-03-10T02:13:21.856Z INFO GATE:22 LOCATION:Toronto ID:lmo OUT
2023-03-10T02:13:27.902Z INFO GATE:8 LOCATION:Calgary ID:xyz OUT
2023-03-10T02:13:36.939Z INFO GATE:122 LOCATION:Montreal ID:pqr OUT
2023-03-10T02:13:36.960Z INFO GATE:8 LOCATION:Calgary ID:xyz IN
2023-03-10T02:13:42.995Z INFO GATE:22 LOCATION:Toronto ID:lmo IN
2023-03-10T02:13:52.038Z INFO GATE:122 LOCATION:Montreal ID:pqr IN
2023-03-10T02:14:00.089Z INFO GATE:22 LOCATION:Toronto ID:lmo OUT
2023-03-10T02:14:05.118Z INFO GATE:8 LOCATION:Calgary ID:xyz OUT
2023-03-10T02:14:11.161Z INFO GATE:122 LOCATION:Montreal ID:pqr OUT
2023-03-10T02:14:11.183Z INFO GATE:8 LOCATION:Calgary ID:xyz IN
2023-03-10T02:14:18.210Z INFO GATE:22 LOCATION:Toronto ID:lmo IN
2023-03-10T02:14:21.251Z INFO GATE:122 LOCATION:Montreal ID:pqr IN
2023-03-10T02:14:26.291Z INFO GATE:22 LOCATION:Toronto ID:lmo OUT
2023-03-10T02:14:32.329Z INFO GATE:8 LOCATION:Calgary ID:xyz OUT
2023-03-10T02:14:38.373Z INFO GATE:122 LOCATION:Montreal ID:pqr OUT
2023-03-10T02:14:38.393Z INFO GATE:8 LOCATION:Calgary ID:xyz IN
2023-03-10T02:14:44.433Z INFO GATE:22 LOCATION:Toronto ID:lmo IN
2023-03-10T02:14:46.479Z INFO GATE:122 LOCATION:Montreal ID:pqr IN
2023-03-10T02:14:49.519Z INFO GATE:22 LOCATION:Toronto ID:lmo OUT
2023-03-10T02:14:57.559Z INFO GATE:8 LOCATION:Calgary ID:xyz OUT
2023-03-10T02:15:04.598Z INFO GATE:122 LOCATION:Montreal ID:pqr OUT
2023-03-10T02:15:04.618Z INFO GATE:8 LOCATION:Calgary ID:xyz IN
2023-03-10T02:15:07.644Z INFO GATE:22 LOCATION:Toronto ID:lmo IN
2023-03-10T02:15:15.684Z INFO GATE:122 LOCATION:Montreal ID:pqr IN
2023-03-10T02:15:19.725Z INFO GATE:22 LOCATION:Toronto ID:lmo OUT
2023-03-10T02:15:23.768Z INFO GATE:8 LOCATION:Calgary ID:xyz OUT
2023-03-10T02:15:32.807Z INFO GATE:122 LOCATION:Montreal ID:pqr OUT
2023-03-10T02:15:32.826Z INFO GATE:8 LOCATION:Calgary ID:xyz IN
2023-03-10T02:15:41.860Z INFO GATE:22 LOCATION:Toronto ID:lmo IN
2023-03-10T02:15:50.905Z INFO GATE:122 LOCATION:Montreal ID:pqr IN
2023-03-10T02:15:52.942Z INFO GATE:22 LOCATION:Toronto ID:lmo OUT
2023-03-10T02:15:56.986Z INFO GATE:8 LOCATION:Calgary ID:xyz OUT
2023-03-10T02:16:02.023Z INFO GATE:122 LOCATION:Montreal ID:pqr OUT
2023-03-10T02:16:02.042Z INFO GATE:8 LOCATION:Calgary ID:xyz IN
2023-03-10T02:16:06.069Z INFO GATE:22 LOCATION:Toronto ID:lmo IN
2023-03-10T02:16:12.104Z INFO GATE:122 LOCATION:Montreal ID:pqr IN
2023-03-10T02:16:20.142Z INFO GATE:22 LOCATION:Toronto ID:lmo OUT
2023-03-10T02:16:26.165Z INFO GATE:8 LOCATION:Calgary ID:xyz OUT
2023-03-10T02:16:35.197Z INFO GATE:122 LOCATION:Montreal ID:pqr OUT
2023-03-10T02:16:35.219Z INFO GATE:8 LOCATION:Calgary ID:xyz IN
2023-03-10T02:16:42.258Z INFO GATE:22 LOCATION:Toronto ID:lmo IN
2023-03-10T02:16:49.291Z INFO GATE:122 LOCATION:Montreal ID:pqr IN
2023-03-10T02:16:54.333Z INFO GATE:22 LOCATION:Toronto ID:lmo OUT
2023-03-10T02:16:57.369Z INFO GATE:8 LOCATION:Calgary ID:xyz OUT
2023-03-10T02:17:06.411Z INFO GATE:122 LOCATION:Montreal ID:pqr OUT
2023-03-10T02:17:06.430Z INFO GATE:8 LOCATION:Calgary ID:xyz IN
2023-03-10T02:17:11.469Z INFO GATE:22 LOCATION:Toronto ID:lmo IN
2023-03-10T02:17:19.501Z INFO GATE:122 LOCATION:Montreal ID:pqr IN
2023-03-10T02:17:23.542Z INFO GATE:22 LOCATION:Toronto ID:lmo OUT
2023-03-10T02:17:31.580Z INFO GATE:8 LOCATION:Calgary ID:xyz OUT
2023-03-10T02:17:38.616Z INFO GATE:122 LOCATION:Montreal ID:pqr OUT
2023-03-10T02:17:38.635Z INFO GATE:8 LOCATION:Calgary ID:xyz IN
2023-03-10T02:17:42.675Z INFO GATE:22 LOCATION:Toronto ID:lmo IN
2023-03-10T02:17:45.715Z INFO GATE:122 LOCATION:Montreal ID:pqr IN
2023-03-10T02:17:53.756Z INFO GATE:22 LOCATION:Toronto ID:lmo OUT
2023-03-10T02:18:02.796Z INFO GATE:8 LOCATION:Calgary ID:xyz OUT
2023-03-10T02:18:10.840Z INFO GATE:122 LOCATION:Montreal ID:pqr OUT
2023-03-10T02:18:10.859Z INFO GATE:8 LOCATION:Calgary ID:xyz IN
2023-03-10T02:18:19.898Z INFO GATE:22 LOCATION:Toronto ID:lmo IN
2023-03-10T02:18:25.936Z INFO GATE:122 LOCATION:Montreal ID:pqr IN
2023-03-10T02:18:34.977Z INFO GATE:22 LOCATION:Toronto ID:lmo OUT
2023-03-10T02:18:42.016Z INFO GATE:8 LOCATION:Calgary ID:xyz OUT
2023-03-10T02:18:51.055Z INFO GATE:122 LOCATION:Montreal ID:pqr OUT
2023-03-10T02:18:51.074Z INFO GATE:8 LOCATION:Calgary ID:xyz IN
2023-03-10T02:18:57.110Z INFO GATE:22 LOCATION:Toronto ID:lmo IN
2023-03-10T02:19:03.143Z INFO GATE:122 LOCATION:Montreal ID:pqr IN
2023-03-10T02:19:06.183Z INFO GATE:22 LOCATION:Toronto ID:lmo OUT
2023-03-10T02:19:09.220Z INFO GATE:8 LOCATION:Calgary ID:xyz OUT
2023-03-10T02:19:12.255Z INFO GATE:122 LOCATION:Montreal ID:pqr OUT
2023-03-10T02:19:12.273Z INFO GATE:8 LOCATION:Calgary ID:xyz IN
2023-03-10T02:19:20.318Z INFO GATE:22 LOCATION:Toronto ID:lmo IN
2023-03-10T02:19:22.359Z INFO GATE:122 LOCATION:Montreal ID:pqr IN
2023-03-10T02:19:29.388Z INFO GATE:22 LOCATION:Toronto ID:lmo OUT
2023-03-10T02:19:38.430Z INFO GATE:8 LOCATION:Calgary ID:xyz OUT
2023-03-10T02:19:44.471Z INFO GATE:122 LOCATION:Montreal ID:pqr OUT
2023-03-10T02:19:44.496Z INFO GATE:8 LOCATION:Calgary ID:xyz IN
2023-03-10T02:19:46.528Z INFO GATE:22 LOCATION:Toronto ID:lmo IN
2023-03-10T02:19:55.577Z INFO GATE:122 LOCATION:Montreal ID:pqr IN
2023-03-10T02:19:57.620Z INFO GATE:22 LOCATION:Toronto ID:lmo OUT
2023-03-10T02:19:59.665Z INFO GATE:8 LOCATION:Calgary ID:xyz OUT
2023-03-10T02:20:02.705Z INFO GATE:122 LOCATION:Montreal ID:pqr OUT
2023-03-10T02:20:02.724Z INFO GATE:8 LOCATION:Calgary ID:xyz IN
2023-03-10T02:20:11.771Z INFO GATE:22 LOCATION:Toronto ID:lmo IN
2023-03-10T02:20:13.818Z INFO GATE:122 LOCATION:Montreal ID:pqr IN
2023-03-10T02:20:19.859Z INFO GATE:22 LOCATION:Toronto ID:lmo OUT
2023-03-10T02:20:28.904Z INFO GATE:8 LOCATION:Calgary ID:xyz OUT
2023-03-10T02:20:36.952Z INFO GATE:122 LOCATION:Montreal ID:pqr OUT
2023-03-10T02:20:36.971Z INFO GATE:8 LOCATION:Calgary ID:xyz IN
2023-03-10T02:20:41.011Z INFO GATE:22 LOCATION:Toronto ID:lmo IN
2023-03-10T02:20:43.056Z INFO GATE:122 LOCATION:Montreal ID:pqr IN
2023-03-10T02:20:49.099Z INFO GATE:22 LOCATION:Toronto ID:lmo OUT
2023-03-10T02:20:51.143Z INFO GATE:8 LOCATION:Calgary ID:xyz OUT
2023-03-10T02:20:59.177Z INFO GATE:122 LOCATION:Montreal ID:pqr OUT
2023-03-10T02:20:59.203Z INFO GATE:8 LOCATION:Calgary ID:xyz IN
2023-03-10T02:21:04.243Z INFO GATE:22 LOCATION:Toronto ID:lmo IN
2023-03-10T02:21:13.288Z INFO GATE:122 LOCATION:Montreal ID:pqr IN
2023-03-10T02:21:19.322Z INFO GATE:22 LOCATION:Toronto ID:lmo OUT
2023-03-10T02:21:22.367Z INFO GATE:8 LOCATION:Calgary ID:xyz OUT
2023-03-10T02:21:29.396Z INFO GATE:122 LOCATION:Montreal ID:pqr OUT
2023-03-10T02:21:29.414Z INFO GATE:8 LOCATION:Calgary ID:xyz IN
2023-03-10T02:21:38.465Z INFO GATE:22 LOCATION:Toronto ID:lmo IN
2023-03-10T02:21:45.510Z INFO GATE:122 LOCATION:Montreal ID:pqr IN
2023-03-10T02:21:50.556Z INFO GATE:22 LOCATION:Toronto ID:lmo OUT
2023-03-10T02:21:57.599Z INFO GATE:8 LOCATION:Calgary ID:xyz OUT
2023-03-10T02:22:05.633Z INFO GATE:122 LOCATION:Montreal ID:pqr OUT
2023-03-10T02:22:05.656Z INFO GATE:8 LOCATION:Calgary ID:xyz IN
2023-03-10T02:22:12.704Z INFO GATE:22 LOCATION:Toronto ID:lmo IN
2023-03-10T02:22:20.754Z INFO GATE:122 LOCATION:Montreal ID:pqr IN
2023-03-10T02:22:22.798Z INFO GATE:22 LOCATION:Toronto ID:lmo OUT
2023-03-10T02:22:30.850Z INFO GATE:8 LOCATION:Calgary ID:xyz OUT
2023-03-10T02:22:38.901Z INFO GATE:122 LOCATION:Montreal ID:pqr OUT
2023-03-10T02:22:38.922Z INFO GATE:8 LOCATION:Calgary ID:xyz IN
2023-03-10T02:22:43.966Z INFO GATE:22 LOCATION:Toronto ID:lmo IN
2023-03-10T02:22:50.015Z INFO GATE:122 LOCATION:Montreal ID:pqr IN
2023-03-10T02:22:56.060Z INFO GATE:22 LOCATION:Toronto ID:lmo OUT
2023-03-10T02:22:59.102Z INFO GATE:8 LOCATION:Calgary ID:xyz OUT
2023-03-10T02:23:06.136Z INFO GATE:122 LOCATION:Montreal ID:pqr OUT
2023-03-10T02:23:06.156Z INFO GATE:8 LOCATION:Calgary ID:xyz IN
2023-03-10T02:23:08.201Z INFO GATE:22 LOCATION:Toronto ID:lmo IN
2023-03-10T02:23:16.244Z INFO GATE:122 LOCATION:Montreal ID:pqr IN
2023-03-10T02:23:20.289Z INFO GATE:22 LOCATION:Toronto ID:lmo OUT
2023-03-10T02:23:24.339Z INFO GATE:8 LOCATION:Calgary ID:xyz OUT
2023-03-10T02:23:30.386Z INFO GATE:122 LOCATION:Montreal ID:pqr OUT
2023-03-10T02:23:30.408Z INFO GATE:8 LOCATION:Calgary ID:xyz IN
2023-03-10T02:23:38.451Z INFO GATE:22 LOCATION:Toronto ID:lmo IN
2023-03-10T02:23:41.500Z INFO GATE:122 LOCATION:Montreal ID:pqr IN
2023-03-10T02:23:48.545Z INFO GATE:22 LOCATION:Toronto ID:lmo OUT
2023-03-10T02:23:57.594Z INFO GATE:8 LOCATION:Calgary ID:xyz OUT
2023-03-10T02:24:02.635Z INFO GATE:122 LOCATION:Montreal ID:pqr OUT
2023-03-10T02:24:02.668Z INFO GATE:8 LOCATION:Calgary ID:xyz IN
2023-03-10T02:24:06.715Z INFO GATE:22 LOCATION:Toronto ID:lmo IN
2023-03-10T02:24:13.759Z INFO GATE:122 LOCATION:Montreal ID:pqr IN
2023-03-10T02:24:19.791Z INFO GATE:22 LOCATION:Toronto ID:lmo OUT
2023-03-10T02:24:25.832Z INFO GATE:8 LOCATION:Calgary ID:xyz OUT
2023-03-10T02:24:34.870Z INFO GATE:122 LOCATION:Montreal ID:pqr OUT
2023-03-10T02:24:34.889Z INFO GATE:8 LOCATION:Calgary ID:xyz IN
2023-03-10T02:54:31.255Z INFO GATE:22 LOCATION:Toronto ID:lmo IN
2023-03-10T02:54:37.696Z INFO GATE:122 LOCATION:Montreal ID:pqr IN
2023-03-10T02:54:44.033Z INFO GATE:22 LOCATION:Toronto ID:lmo OUT
2023-03-10T02:54:48.729Z INFO GATE:8 LOCATION:Calgary ID:xyz OUT
2023-03-10T02:54:57.094Z INFO GATE:122 LOCATION:Montreal ID:pqr OUT
2023-03-10T02:54:57.364Z INFO GATE:8 LOCATION:Calgary ID:xyz IN
2023-03-10T02:55:02.080Z INFO GATE:22 LOCATION:Toronto ID:lmo IN
2023-03-10T02:55:10.115Z INFO GATE:122 LOCATION:Montreal ID:pqr IN
2023-03-10T02:55:18.584Z INFO GATE:22 LOCATION:Toronto ID:lmo OUT
2023-03-10T02:55:27.118Z INFO GATE:8 LOCATION:Calgary ID:xyz OUT
2023-03-10T02:55:31.520Z INFO GATE:122 LOCATION:Montreal ID:pqr OUT
2023-03-10T02:55:32.299Z INFO GATE:8 LOCATION:Calgary ID:xyz IN
2023-03-10T02:55:38.805Z INFO GATE:22 LOCATION:Toronto ID:lmo IN
2023-03-10T03:11:10.631Z INFO GATE:122 LOCATION:Montreal ID:pqr IN
2023-03-10T03:11:14.693Z INFO GATE:22 LOCATION:Toronto ID:lmo OUT
2023-03-10T03:11:23.014Z INFO GATE:8 LOCATION:Calgary ID:xyz OUT
2023-03-10T03:11:29.065Z INFO GATE:122 LOCATION:Montreal ID:pqr OUT
2023-03-10T03:11:29.379Z INFO GATE:8 LOCATION:Calgary ID:xyz IN
2023-03-10T03:11:35.687Z INFO GATE:22 LOCATION:Toronto ID:lmo IN
2023-03-10T03:11:41.244Z INFO GATE:122 LOCATION:Montreal ID:pqr IN
2023-03-10T03:11:47.705Z INFO GATE:22 LOCATION:Toronto ID:lmo OUT
2023-03-10T03:11:52.559Z INFO GATE:8 LOCATION:Calgary ID:xyz OUT
2023-03-10T03:11:56.079Z INFO GATE:122 LOCATION:Montreal ID:pqr OUT
2023-03-10T03:11:56.526Z INFO GATE:8 LOCATION:Calgary ID:xyz IN
2023-03-10T03:12:03.320Z INFO GATE:22 LOCATION:Toronto ID:lmo IN
2023-03-10T03:12:10.659Z INFO GATE:122 LOCATION:Montreal ID:pqr IN
2023-03-10T03:12:15.524Z INFO GATE:22 LOCATION:Toronto ID:lmo OUT
2023-03-10T03:27:37.813Z INFO GATE:8 LOCATION:Calgary ID:xyz OUT
2023-03-10T03:27:39.787Z INFO GATE:122 LOCATION:Montreal ID:pqr OUT
2023-03-10T03:27:39.815Z INFO GATE:8 LOCATION:Calgary ID:xyz IN
2023-03-10T03:27:41.850Z INFO GATE:22 LOCATION:Toronto ID:lmo IN
2023-03-10T03:27:43.884Z INFO GATE:122 LOCATION:Montreal ID:pqr IN
2023-03-10T03:27:51.805Z INFO GATE:22 LOCATION:Toronto ID:lmo OUT
2023-03-10T03:27:56.968Z INFO GATE:8 LOCATION:Calgary ID:xyz OUT
2023-03-10T03:28:02.968Z INFO GATE:122 LOCATION:Montreal ID:pqr OUT
2023-03-10T03:28:03.681Z INFO GATE:8 LOCATION:Calgary ID:xyz IN
2023-03-10T03:28:11.725Z INFO GATE:22 LOCATION:Toronto ID:lmo IN
2023-03-10T03:28:21.789Z INFO GATE:122 LOCATION:Montreal ID:pqr IN
2023-03-10T03:28:27.701Z INFO GATE:22 LOCATION:Toronto ID:lmo OUT
2023-03-10T03:28:34.662Z INFO GATE:8 LOCATION:Calgary ID:xyz OUT
2023-03-10T03:28:42.446Z INFO GATE:122 LOCATION:Montreal ID:pqr OUT
2023-03-10T03:28:42.493Z INFO GATE:8 LOCATION:Calgary ID:xyz IN
2023-03-10T03:28:44.549Z INFO GATE:22 LOCATION:Toronto ID:lmo IN
2023-03-10T03:45:00.630Z INFO GATE:122 LOCATION:Montreal ID:pqr IN
2023-03-10T03:45:05.667Z INFO GATE:22 LOCATION:Toronto ID:lmo OUT
2023-03-10T03:45:12.921Z INFO GATE:8 LOCATION:Calgary ID:xyz OUT
2023-03-10T03:45:17.576Z INFO GATE:122 LOCATION:Montreal ID:pqr OUT
2023-03-10T03:45:17.863Z INFO GATE:8 LOCATION:Calgary ID:xyz IN
2023-03-10T03:45:22.381Z INFO GATE:22 LOCATION:Toronto ID:lmo IN
2023-03-10T03:45:24.745Z INFO GATE:122 LOCATION:Montreal ID:pqr IN
2023-03-10T03:45:31.115Z INFO GATE:22 LOCATION:Toronto ID:lmo OUT
2023-03-10T03:45:36.942Z INFO GATE:8 LOCATION:Calgary ID:xyz OUT
2023-03-10T03:45:43.330Z INFO GATE:122 LOCATION:Montreal ID:pqr OUT
2023-03-10T03:45:43.606Z INFO GATE:8 LOCATION:Calgary ID:xyz IN
2023-03-10T03:45:47.657Z INFO GATE:22 LOCATION:Toronto ID:lmo IN
2023-03-10T03:45:53.210Z INFO GATE:122 LOCATION:Montreal ID:pqr IN
2023-03-10T03:46:02.688Z INFO GATE:22 LOCATION:Toronto ID:lmo OUT
2023-03-10T03:46:06.736Z INFO GATE:8 LOCATION:Calgary ID:xyz OUT
2023-03-10T03:46:13.784Z INFO GATE:122 LOCATION:Montreal ID:pqr OUT
2023-03-10T03:46:13.805Z INFO GATE:8 LOCATION:Calgary ID:xyz IN
2023-03-10T03:46:19.847Z INFO GATE:22 LOCATION:Toronto ID:lmo IN
2023-03-10T03:46:25.885Z INFO GATE:122 LOCATION:Montreal ID:pqr IN
2023-03-10T03:46:34.930Z INFO GATE:22 LOCATION:Toronto ID:lmo OUT
2023-03-10T03:46:39.980Z INFO GATE:8 LOCATION:Calgary ID:xyz OUT
2023-03-10T03:46:47.024Z INFO GATE:122 LOCATION:Montreal ID:pqr OUT
2023-03-10T03:46:47.042Z INFO GATE:8 LOCATION:Calgary ID:xyz IN
2023-03-10T03:46:55.086Z INFO GATE:22 LOCATION:Toronto ID:lmo IN
2023-03-10T03:46:59.136Z INFO GATE:122 LOCATION:Montreal ID:pqr IN
2023-03-10T03:47:05.182Z INFO GATE:22 LOCATION:Toronto ID:lmo OUT
2023-03-10T03:47:08.242Z INFO GATE:8 LOCATION:Calgary ID:xyz OUT
2023-03-10T03:47:13.288Z INFO GATE:122 LOCATION:Montreal ID:pqr OUT
2023-03-10T03:47:13.310Z INFO GATE:8 LOCATION:Calgary ID:xyz IN
2023-03-10T03:47:21.352Z INFO GATE:22 LOCATION:Toronto ID:lmo IN
2023-03-10T03:47:23.384Z INFO GATE:122 LOCATION:Montreal ID:pqr IN
2023-03-10T03:47:27.421Z INFO GATE:22 LOCATION:Toronto ID:lmo OUT
2023-03-10T03:47:33.451Z INFO GATE:8 LOCATION:Calgary ID:xyz OUT
2023-03-10T03:47:42.493Z INFO GATE:122 LOCATION:Montreal ID:pqr OUT
2023-03-10T03:47:42.512Z INFO GATE:8 LOCATION:Calgary ID:xyz IN
2023-03-10T03:47:48.549Z INFO GATE:22 LOCATION:Toronto ID:lmo IN
2023-03-10T03:47:50.594Z INFO GATE:122 LOCATION:Montreal ID:pqr IN
2023-03-10T03:47:58.622Z INFO GATE:22 LOCATION:Toronto ID:lmo OUT
2023-03-10T03:48:01.660Z INFO GATE:8 LOCATION:Calgary ID:xyz OUT
2023-03-10T03:48:10.703Z INFO GATE:122 LOCATION:Montreal ID:pqr OUT
2023-03-10T03:48:10.723Z INFO GATE:8 LOCATION:Calgary ID:xyz IN
2023-03-10T03:48:19.754Z INFO GATE:22 LOCATION:Toronto ID:lmo IN
2023-03-10T03:48:28.797Z INFO GATE:122 LOCATION:Montreal ID:pqr IN
2023-03-10T03:48:31.839Z INFO GATE:22 LOCATION:Toronto ID:lmo OUT
2023-03-10T03:48:40.883Z INFO GATE:8 LOCATION:Calgary ID:xyz OUT
2023-03-10T03:48:47.927Z INFO GATE:122 LOCATION:Montreal ID:pqr OUT
2023-03-10T03:48:47.945Z INFO GATE:8 LOCATION:Calgary ID:xyz IN
2023-03-10T03:48:56.990Z INFO GATE:22 LOCATION:Toronto ID:lmo IN
2023-03-10T03:48:59.038Z INFO GATE:122 LOCATION:Montreal ID:pqr IN
2023-03-10T03:49:07.079Z INFO GATE:22 LOCATION:Toronto ID:lmo OUT
2023-03-10T03:49:16.122Z INFO GATE:8 LOCATION:Calgary ID:xyz OUT
2023-03-10T03:49:22.171Z INFO GATE:122 LOCATION:Montreal ID:pqr OUT
2023-03-10T03:49:22.188Z INFO GATE:8 LOCATION:Calgary ID:xyz IN
2023-03-10T03:49:26.227Z INFO GATE:22 LOCATION:Toronto ID:lmo IN
2023-03-10T03:49:31.268Z INFO GATE:122 LOCATION:Montreal ID:pqr IN
2023-03-10T03:49:39.312Z INFO GATE:22 LOCATION:Toronto ID:lmo OUT
2023-03-10T03:49:44.358Z INFO GATE:8 LOCATION:Calgary ID:xyz OUT
2023-03-10T03:49:49.395Z INFO GATE:122 LOCATION:Montreal ID:pqr OUT
2023-03-10T03:49:49.414Z INFO GATE:8 LOCATION:Calgary ID:xyz IN
2023-03-10T03:49:53.442Z INFO GATE:22 LOCATION:Toronto ID:lmo IN
2023-03-10T03:50:00.486Z INFO GATE:122 LOCATION:Montreal ID:pqr IN
2023-03-10T03:50:09.526Z INFO GATE:22 LOCATION:Toronto ID:lmo OUT
2023-03-10T03:50:15.571Z INFO GATE:8 LOCATION:Calgary ID:xyz OUT
2023-03-10T03:50:20.610Z INFO GATE:122 LOCATION:Montreal ID:pqr OUT
2023-03-10T03:50:20.630Z INFO GATE:8 LOCATION:Calgary ID:xyz IN
2023-03-10T03:50:29.673Z INFO GATE:22 LOCATION:Toronto ID:lmo IN
2023-03-10T03:50:34.714Z INFO GATE:122 LOCATION:Montreal ID:pqr IN
2023-03-10T03:50:36.760Z INFO GATE:22 LOCATION:Toronto ID:lmo OUT
2023-03-10T03:50:41.802Z INFO GATE:8 LOCATION:Calgary ID:xyz OUT
2023-03-10T03:50:45.840Z INFO GATE:122 LOCATION:Montreal ID:pqr OUT
2023-03-10T03:50:45.859Z INFO GATE:8 LOCATION:Calgary ID:xyz IN
2023-03-10T03:50:54.905Z INFO GATE:22 LOCATION:Toronto ID:lmo IN
2023-03-10T03:50:58.938Z INFO GATE:122 LOCATION:Montreal ID:pqr IN
2023-03-10T03:51:05.968Z INFO GATE:22 LOCATION:Toronto ID:lmo OUT
2023-03-10T03:51:14.015Z INFO GATE:8 LOCATION:Calgary ID:xyz OUT
2023-03-10T03:51:21.057Z INFO GATE:122 LOCATION:Montreal ID:pqr OUT
2023-03-10T03:51:21.076Z INFO GATE:8 LOCATION:Calgary ID:xyz IN
2023-03-10T03:51:25.114Z INFO GATE:22 LOCATION:Toronto ID:lmo IN
2023-03-10T03:51:34.156Z INFO GATE:122 LOCATION:Montreal ID:pqr IN
2023-03-10T03:51:40.196Z INFO GATE:22 LOCATION:Toronto ID:lmo OUT
2023-03-10T03:51:42.239Z INFO GATE:8 LOCATION:Calgary ID:xyz OUT
2023-03-10T03:51:47.273Z INFO GATE:122 LOCATION:Montreal ID:pqr OUT
2023-03-10T03:51:47.290Z INFO GATE:8 LOCATION:Calgary ID:xyz IN
2023-03-10T03:51:53.318Z INFO GATE:22 LOCATION:Toronto ID:lmo IN
2023-03-10T03:52:01.347Z INFO GATE:122 LOCATION:Montreal ID:pqr IN
2023-03-10T03:52:04.380Z INFO GATE:22 LOCATION:Toronto ID:lmo OUT
2023-03-10T03:52:12.425Z INFO GATE:8 LOCATION:Calgary ID:xyz OUT
2023-03-10T03:52:18.472Z INFO GATE:122 LOCATION:Montreal ID:pqr OUT
2023-03-10T03:52:18.493Z INFO GATE:8 LOCATION:Calgary ID:xyz IN
2023-03-10T03:52:23.532Z INFO GATE:22 LOCATION:Toronto ID:lmo IN
2023-03-10T03:52:27.572Z INFO GATE:122 LOCATION:Montreal ID:pqr IN
2023-03-10T03:52:33.616Z INFO GATE:22 LOCATION:Toronto ID:lmo OUT
2023-03-10T03:52:40.659Z INFO GATE:8 LOCATION:Calgary ID:xyz OUT
2023-03-10T03:52:49.704Z INFO GATE:122 LOCATION:Montreal ID:pqr OUT
2023-03-10T03:52:49.722Z INFO GATE:8 LOCATION:Calgary ID:xyz IN
2023-03-10T03:52:57.762Z INFO GATE:22 LOCATION:Toronto ID:lmo IN
2023-03-10T03:53:05.808Z INFO GATE:122 LOCATION:Montreal ID:pqr IN
2023-03-10T03:53:07.853Z INFO GATE:22 LOCATION:Toronto ID:lmo OUT
2023-03-10T03:53:12.895Z INFO GATE:8 LOCATION:Calgary ID:xyz OUT
2023-03-10T03:53:21.941Z INFO GATE:122 LOCATION:Montreal ID:pqr OUT
2023-03-10T03:53:21.960Z INFO GATE:8 LOCATION:Calgary ID:xyz IN
2023-03-10T03:53:29.004Z INFO GATE:22 LOCATION:Toronto ID:lmo IN
2023-03-10T03:53:35.048Z INFO GATE:122 LOCATION:Montreal ID:pqr IN
2023-03-10T03:53:39.086Z INFO GATE:22 LOCATION:Toronto ID:lmo OUT
2023-03-10T03:53:46.127Z INFO GATE:8 LOCATION:Calgary ID:xyz OUT
2023-03-10T03:53:49.165Z INFO GATE:122 LOCATION:Montreal ID:pqr OUT
2023-03-10T03:53:49.183Z INFO GATE:8 LOCATION:Calgary ID:xyz IN
2023-03-10T03:53:54.222Z INFO GATE:22 LOCATION:Toronto ID:lmo IN
2023-03-10T03:54:03.266Z INFO GATE:122 LOCATION:Montreal ID:pqr IN
2023-03-10T03:54:12.309Z INFO GATE:22 LOCATION:Toronto ID:lmo OUT
2023-03-10T03:54:16.353Z INFO GATE:8 LOCATION:Calgary ID:xyz OUT
2023-03-10T03:54:25.396Z INFO GATE:122 LOCATION:Montreal ID:pqr OUT
2023-03-10T03:54:25.414Z INFO GATE:8 LOCATION:Calgary ID:xyz IN
2023-03-10T03:54:34.458Z INFO GATE:22 LOCATION:Toronto ID:lmo IN
2023-03-10T03:54:39.501Z INFO GATE:122 LOCATION:Montreal ID:pqr IN
2023-03-10T03:54:48.540Z INFO GATE:22 LOCATION:Toronto ID:lmo OUT
2023-03-10T03:54:52.584Z INFO GATE:8 LOCATION:Calgary ID:xyz OUT
2023-03-10T03:54:56.675Z INFO GATE:122 LOCATION:Montreal ID:pqr OUT
2023-03-10T03:54:56.700Z INFO GATE:8 LOCATION:Calgary ID:xyz IN
2023-03-10T03:55:03.737Z INFO GATE:22 LOCATION:Toronto ID:lmo IN
2023-03-10T03:55:06.766Z INFO GATE:122 LOCATION:Montreal ID:pqr IN
2023-03-10T03:55:15.805Z INFO GATE:22 LOCATION:Toronto ID:lmo OUT
2023-03-10T03:55:18.848Z INFO GATE:8 LOCATION:Calgary ID:xyz OUT
2023-03-10T03:55:22.884Z INFO GATE:122 LOCATION:Montreal ID:pqr OUT
2023-03-10T03:55:22.903Z INFO GATE:8 LOCATION:Calgary ID:xyz IN
2023-03-10T03:55:31.938Z INFO GATE:22 LOCATION:Toronto ID:lmo IN
2023-03-10T03:55:37.978Z INFO GATE:122 LOCATION:Montreal ID:pqr IN
2023-03-10T03:55:46.017Z INFO GATE:22 LOCATION:Toronto ID:lmo OUT
2023-03-10T03:55:49.060Z INFO GATE:8 LOCATION:Calgary ID:xyz OUT
2023-03-10T03:55:51.104Z INFO GATE:122 LOCATION:Montreal ID:pqr OUT
2023-03-10T03:55:51.125Z INFO GATE:8 LOCATION:Calgary ID:xyz IN
2023-03-10T03:55:57.167Z INFO GATE:22 LOCATION:Toronto ID:lmo IN
2023-03-10T03:56:05.208Z INFO GATE:122 LOCATION:Montreal ID:pqr IN
2023-03-10T03:56:13.252Z INFO GATE:22 LOCATION:Toronto ID:lmo OUT
2023-03-10T03:56:17.284Z INFO GATE:8 LOCATION:Calgary ID:xyz OUT
2023-03-10T03:56:26.323Z INFO GATE:122 LOCATION:Montreal ID:pqr OUT
2023-03-10T03:56:26.341Z INFO GATE:8 LOCATION:Calgary ID:xyz IN
2023-03-10T03:56:28.385Z INFO GATE:22 LOCATION:Toronto ID:lmo IN
2023-03-10T03:56:36.428Z INFO GATE:122 LOCATION:Montreal ID:pqr IN
2023-03-10T03:56:44.468Z INFO GATE:22 LOCATION:Toronto ID:lmo OUT
2023-03-10T03:56:46.509Z INFO GATE:8 LOCATION:Calgary ID:xyz OUT
2023-03-10T03:56:50.550Z INFO GATE:122 LOCATION:Montreal ID:pqr OUT
2023-03-10T03:56:50.569Z INFO GATE:8 LOCATION:Calgary ID:xyz IN
2023-03-10T03:56:54.609Z INFO GATE:22 LOCATION:Toronto ID:lmo IN
2023-03-10T03:56:56.656Z INFO GATE:122 LOCATION:Montreal ID:pqr IN
2023-03-10T03:57:00.701Z INFO GATE:22 LOCATION:Toronto ID:lmo OUT
2023-03-10T03:57:09.748Z INFO GATE:8 LOCATION:Calgary ID:xyz OUT
2023-03-10T03:57:14.786Z INFO GATE:122 LOCATION:Montreal ID:pqr OUT
2023-03-10T03:57:14.807Z INFO GATE:8 LOCATION:Calgary ID:xyz IN
2023-03-10T03:57:23.851Z INFO GATE:22 LOCATION:Toronto ID:lmo IN
2023-03-10T03:57:26.889Z INFO GATE:122 LOCATION:Montreal ID:pqr IN
2023-03-10T03:57:31.931Z INFO GATE:22 LOCATION:Toronto ID:lmo OUT
2023-03-10T03:57:35.969Z INFO GATE:8 LOCATION:Calgary ID:xyz OUT
2023-03-10T03:57:38.007Z INFO GATE:122 LOCATION:Montreal ID:pqr OUT
2023-03-10T03:57:38.038Z INFO GATE:8 LOCATION:Calgary ID:xyz IN
2023-03-10T03:57:41.081Z INFO GATE:22 LOCATION:Toronto ID:lmo IN
2023-03-10T03:57:45.117Z INFO GATE:122 LOCATION:Montreal ID:pqr IN
2023-03-10T03:57:52.159Z INFO GATE:22 LOCATION:Toronto ID:lmo OUT
2023-03-10T03:57:57.198Z INFO GATE:8 LOCATION:Calgary ID:xyz OUT
2023-03-10T03:58:01.238Z INFO GATE:122 LOCATION:Montreal ID:pqr OUT
2023-03-10T03:58:01.258Z INFO GATE:8 LOCATION:Calgary ID:xyz IN
2023-03-10T03:58:07.302Z INFO GATE:22 LOCATION:Toronto ID:lmo IN
2023-03-10T03:58:09.344Z INFO GATE:122 LOCATION:Montreal ID:pqr IN
2023-03-10T03:58:13.373Z INFO GATE:22 LOCATION:Toronto ID:lmo OUT
2023-03-10T03:58:21.412Z INFO GATE:8 LOCATION:Calgary ID:xyz OUT
2023-03-10T03:58:25.454Z INFO GATE:122 LOCATION:Montreal ID:pqr OUT
2023-03-10T03:58:25.473Z INFO GATE:8 LOCATION:Calgary ID:xyz IN
2023-03-10T03:58:28.505Z INFO GATE:22 LOCATION:Toronto ID:lmo IN
2023-03-10T03:58:35.547Z INFO GATE:122 LOCATION:Montreal ID:pqr IN
2023-03-10T03:58:37.588Z INFO GATE:22 LOCATION:Toronto ID:lmo OUT
2023-03-10T03:58:43.629Z INFO GATE:8 LOCATION:Calgary ID:xyz OUT
2023-03-10T03:58:47.670Z INFO GATE:122 LOCATION:Montreal ID:pqr OUT
2023-03-10T03:58:47.689Z INFO GATE:8 LOCATION:Calgary ID:xyz IN
2023-03-10T03:58:56.726Z INFO GATE:22 LOCATION:Toronto ID:lmo IN
2023-03-10T03:59:03.752Z INFO GATE:122 LOCATION:Montreal ID:pqr IN
2023-03-10T03:59:07.793Z INFO GATE:22 LOCATION:Toronto ID:lmo OUT
2023-03-10T03:59:13.835Z INFO GATE:8 LOCATION:Calgary ID:xyz OUT
2023-03-10T03:59:21.880Z INFO GATE:122 LOCATION:Montreal ID:pqr OUT
2023-03-10T03:59:21.900Z INFO GATE:8 LOCATION:Calgary ID:xyz IN
2023-03-10T03:59:30.944Z INFO GATE:22 LOCATION:Toronto ID:lmo IN
2023-03-10T03:59:39.991Z INFO GATE:122 LOCATION:Montreal ID:pqr IN
2023-03-10T03:59:42.024Z INFO GATE:22 LOCATION:Toronto ID:lmo OUT
2023-03-10T03:59:49.065Z INFO GATE:8 LOCATION:Calgary ID:xyz OUT
2023-03-10T03:59:56.105Z INFO GATE:122 LOCATION:Montreal ID:pqr OUT
2023-03-10T03:59:56.124Z INFO GATE:8 LOCATION:Calgary ID:xyz IN
2023-03-10T04:00:02.184Z INFO GATE:22 LOCATION:Toronto ID:lmo IN
2023-03-10T04:00:09.230Z INFO GATE:122 LOCATION:Montreal ID:pqr IN
2023-03-10T04:00:12.258Z INFO GATE:22 LOCATION:Toronto ID:lmo OUT
2023-03-10T04:00:18.302Z INFO GATE:8 LOCATION:Calgary ID:xyz OUT
2023-03-10T04:00:22.341Z INFO GATE:122 LOCATION:Montreal ID:pqr OUT
2023-03-10T04:00:22.359Z INFO GATE:8 LOCATION:Calgary ID:xyz IN
2023-03-10T04:00:25.400Z INFO GATE:22 LOCATION:Toronto ID:lmo IN
2023-03-10T04:00:33.447Z INFO GATE:122 LOCATION:Montreal ID:pqr IN
2023-03-10T04:00:39.486Z INFO GATE:22 LOCATION:Toronto ID:lmo OUT
2023-03-10T04:00:46.522Z INFO GATE:8 LOCATION:Calgary ID:xyz OUT
2023-03-10T04:00:48.553Z INFO GATE:122 LOCATION:Montreal ID:pqr OUT
2023-03-10T04:00:48.569Z INFO GATE:8 LOCATION:Calgary ID:xyz IN
2023-03-10T04:00:57.596Z INFO GATE:22 LOCATION:Toronto ID:lmo IN
2023-03-10T04:01:02.625Z INFO GATE:122 LOCATION:Montreal ID:pqr IN
2023-03-10T04:01:04.655Z INFO GATE:22 LOCATION:Toronto ID:lmo OUT
2023-03-10T04:01:11.689Z INFO GATE:8 LOCATION:Calgary ID:xyz OUT
2023-03-10T04:01:13.725Z INFO GATE:122 LOCATION:Montreal ID:pqr OUT
2023-03-10T04:01:13.746Z INFO GATE:8 LOCATION:Calgary ID:xyz IN
2023-03-10T04:01:17.777Z INFO GATE:22 LOCATION:Toronto ID:lmo IN
2023-03-10T04:01:24.818Z INFO GATE:122 LOCATION:Montreal ID:pqr IN
2023-03-10T04:01:29.859Z INFO GATE:22 LOCATION:Toronto ID:lmo OUT
2023-03-10T04:01:34.899Z INFO GATE:8 LOCATION:Calgary ID:xyz OUT
2023-03-10T04:01:37.944Z INFO GATE:122 LOCATION:Montreal ID:pqr OUT
2023-03-10T04:01:37.964Z INFO GATE:8 LOCATION:Calgary ID:xyz IN
2023-03-10T04:01:42.010Z INFO GATE:22 LOCATION:Toronto ID:lmo IN
2023-03-10T04:01:46.054Z INFO GATE:122 LOCATION:Montreal ID:pqr IN
2023-03-10T04:01:52.097Z INFO GATE:22 LOCATION:Toronto ID:lmo OUT
2023-03-10T04:01:57.134Z INFO GATE:8 LOCATION:Calgary ID:xyz OUT
2023-03-10T04:02:01.182Z INFO GATE:122 LOCATION:Montreal ID:pqr OUT
2023-03-10T04:02:01.208Z INFO GATE:8 LOCATION:Calgary ID:xyz IN
2023-03-10T04:02:05.237Z INFO GATE:22 LOCATION:Toronto ID:lmo IN
2023-03-10T04:02:12.278Z INFO GATE:122 LOCATION:Montreal ID:pqr IN
2023-03-10T04:02:14.321Z INFO GATE:22 LOCATION:Toronto ID:lmo OUT
2023-03-10T04:02:17.366Z INFO GATE:8 LOCATION:Calgary ID:xyz OUT
2023-03-10T04:02:20.410Z INFO GATE:122 LOCATION:Montreal ID:pqr OUT
2023-03-10T04:02:20.429Z INFO GATE:8 LOCATION:Calgary ID:xyz IN
2023-03-10T04:02:23.468Z INFO GATE:22 LOCATION:Toronto ID:lmo IN
2023-03-10T04:02:32.502Z INFO GATE:122 LOCATION:Montreal ID:pqr IN
2023-03-10T04:02:38.544Z INFO GATE:22 LOCATION:Toronto ID:lmo OUT
2023-03-10T04:02:45.588Z INFO GATE:8 LOCATION:Calgary ID:xyz OUT
2023-03-10T04:02:49.625Z INFO GATE:122 LOCATION:Montreal ID:pqr OUT
2023-03-10T04:02:49.643Z INFO GATE:8 LOCATION:Calgary ID:xyz IN
2023-03-10T04:02:51.678Z INFO GATE:22 LOCATION:Toronto ID:lmo IN
2023-03-10T04:02:57.713Z INFO GATE:122 LOCATION:Montreal ID:pqr IN
2023-03-10T04:02:59.758Z INFO GATE:22 LOCATION:Toronto ID:lmo OUT
2023-03-10T04:03:01.803Z INFO GATE:8 LOCATION:Calgary ID:xyz OUT
2023-03-10T04:03:06.842Z INFO GATE:122 LOCATION:Montreal ID:pqr OUT
2023-03-10T04:03:06.860Z INFO GATE:8 LOCATION:Calgary ID:xyz IN
2023-03-10T04:03:09.899Z INFO GATE:22 LOCATION:Toronto ID:lmo IN
2023-03-10T04:03:17.937Z INFO GATE:122 LOCATION:Montreal ID:pqr IN
2023-03-10T04:03:19.982Z INFO GATE:22 LOCATION:Toronto ID:lmo OUT
2023-03-10T04:03:25.023Z INFO GATE:8 LOCATION:Calgary ID:xyz OUT
2023-03-10T04:03:33.070Z INFO GATE:122 LOCATION:Montreal ID:pqr OUT
2023-03-10T04:03:33.090Z INFO GATE:8 LOCATION:Calgary ID:xyz IN
2023-03-10T04:03:35.124Z INFO GATE:22 LOCATION:Toronto ID:lmo IN
2023-03-10T04:03:37.160Z INFO GATE:122 LOCATION:Montreal ID:pqr IN
2023-03-10T04:03:46.202Z INFO GATE:22 LOCATION:Toronto ID:lmo OUT
2023-03-10T04:03:48.242Z INFO GATE:8 LOCATION:Calgary ID:xyz OUT
2023-03-10T04:03:56.288Z INFO GATE:122 LOCATION:Montreal ID:pqr OUT
2023-03-10T04:03:56.308Z INFO GATE:8 LOCATION:Calgary ID:xyz IN
2023-03-10T04:04:01.355Z INFO GATE:22 LOCATION:Toronto ID:lmo IN
2023-03-10T04:04:09.397Z INFO GATE:122 LOCATION:Montreal ID:pqr IN
2023-03-10T04:04:17.434Z INFO GATE:22 LOCATION:Toronto ID:lmo OUT
2023-03-10T04:04:25.480Z INFO GATE:8 LOCATION:Calgary ID:xyz OUT
2023-03-10T04:04:29.525Z INFO GATE:122 LOCATION:Montreal ID:pqr OUT
2023-03-10T04:04:29.544Z INFO GATE:8 LOCATION:Calgary ID:xyz IN
2023-03-10T04:04:31.591Z INFO GATE:22 LOCATION:Toronto ID:lmo IN
2023-03-10T04:04:33.634Z INFO GATE:122 LOCATION:Montreal ID:pqr IN
2023-03-10T04:04:42.680Z INFO GATE:22 LOCATION:Toronto ID:lmo OUT
2023-03-10T04:04:48.723Z INFO GATE:8 LOCATION:Calgary ID:xyz OUT
2023-03-10T04:04:55.752Z INFO GATE:122 LOCATION:Montreal ID:pqr OUT
2023-03-10T04:04:55.767Z INFO GATE:8 LOCATION:Calgary ID:xyz IN
2023-03-10T04:05:04.813Z INFO GATE:22 LOCATION:Toronto ID:lmo IN
2023-03-10T04:05:10.845Z INFO GATE:122 LOCATION:Montreal ID:pqr IN
2023-03-10T04:05:15.887Z INFO GATE:22 LOCATION:Toronto ID:lmo OUT
2023-03-10T04:05:23.931Z INFO GATE:8 LOCATION:Calgary ID:xyz OUT
2023-03-10T04:05:26.976Z INFO GATE:122 LOCATION:Montreal ID:pqr OUT
2023-03-10T04:05:26.994Z INFO GATE:8 LOCATION:Calgary ID:xyz IN
2023-03-10T04:05:30.038Z INFO GATE:22 LOCATION:Toronto ID:lmo IN
2023-03-10T04:05:39.083Z INFO GATE:122 LOCATION:Montreal ID:pqr IN
2023-03-10T04:05:46.122Z INFO GATE:22 LOCATION:Toronto ID:lmo OUT
2023-03-10T04:05:48.158Z INFO GATE:8 LOCATION:Calgary ID:xyz OUT
2023-03-10T04:05:57.214Z INFO GATE:122 LOCATION:Montreal ID:pqr OUT
2023-03-10T04:05:57.232Z INFO GATE:8 LOCATION:Calgary ID:xyz IN
2023-03-10T04:06:06.261Z INFO GATE:22 LOCATION:Toronto ID:lmo IN
2023-03-10T04:06:13.296Z INFO GATE:122 LOCATION:Montreal ID:pqr IN
2023-03-10T04:06:22.340Z INFO GATE:22 LOCATION:Toronto ID:lmo OUT
2023-03-10T04:06:31.381Z INFO GATE:8 LOCATION:Calgary ID:xyz OUT
2023-03-10T04:06:36.423Z INFO GATE:122 LOCATION:Montreal ID:pqr OUT
2023-03-10T04:06:36.442Z INFO GATE:8 LOCATION:Calgary ID:xyz IN
2023-03-10T04:06:39.478Z INFO GATE:22 LOCATION:Toronto ID:lmo IN
2023-03-10T04:06:45.524Z INFO GATE:122 LOCATION:Montreal ID:pqr IN
2023-03-10T04:06:48.561Z INFO GATE:22 LOCATION:Toronto ID:lmo OUT
2023-03-10T04:06:52.600Z INFO GATE:8 LOCATION:Calgary ID:xyz OUT
2023-03-10T04:07:00.647Z INFO GATE:122 LOCATION:Montreal ID:pqr OUT
2023-03-10T04:07:00.667Z INFO GATE:8 LOCATION:Calgary ID:xyz IN
2023-03-10T04:07:06.699Z INFO GATE:22 LOCATION:Toronto ID:lmo IN
2023-03-10T04:07:10.735Z INFO GATE:122 LOCATION:Montreal ID:pqr IN
2023-03-10T04:07:16.778Z INFO GATE:22 LOCATION:Toronto ID:lmo OUT
2023-03-10T04:07:18.821Z INFO GATE:8 LOCATION:Calgary ID:xyz OUT
2023-03-10T04:07:21.865Z INFO GATE:122 LOCATION:Montreal ID:pqr OUT
2023-03-10T04:07:21.884Z INFO GATE:8 LOCATION:Calgary ID:xyz IN
2023-03-10T04:07:29.916Z INFO GATE:22 LOCATION:Toronto ID:lmo IN
2023-03-10T04:07:38.956Z INFO GATE:122 LOCATION:Montreal ID:pqr IN
2023-03-10T04:07:45.996Z INFO GATE:22 LOCATION:Toronto ID:lmo OUT
2023-03-10T04:07:52.036Z INFO GATE:8 LOCATION:Calgary ID:xyz OUT
2023-03-10T04:07:57.070Z INFO GATE:122 LOCATION:Montreal ID:pqr OUT
2023-03-10T04:07:57.089Z INFO GATE:8 LOCATION:Calgary ID:xyz IN
2023-03-10T04:08:02.123Z INFO GATE:22 LOCATION:Toronto ID:lmo IN
2023-03-10T04:08:07.155Z INFO GATE:122 LOCATION:Montreal ID:pqr IN
2023-03-10T04:08:12.185Z INFO GATE:22 LOCATION:Toronto ID:lmo OUT
2023-03-10T04:08:15.229Z INFO GATE:8 LOCATION:Calgary ID:xyz OUT
2023-03-10T04:08:21.272Z INFO GATE:122 LOCATION:Montreal ID:pqr OUT
2023-03-10T04:08:21.291Z INFO GATE:8 LOCATION:Calgary ID:xyz IN
2023-03-10T04:08:26.335Z INFO GATE:22 LOCATION:Toronto ID:lmo IN
2023-03-10T04:08:29.377Z INFO GATE:122 LOCATION:Montreal ID:pqr IN
2023-03-10T04:08:34.421Z INFO GATE:22 LOCATION:Toronto ID:lmo OUT
2023-03-10T04:08:38.461Z INFO GATE:8 LOCATION:Calgary ID:xyz OUT
2023-03-10T04:08:42.497Z INFO GATE:122 LOCATION:Montreal ID:pqr OUT
2023-03-10T04:08:42.516Z INFO GATE:8 LOCATION:Calgary ID:xyz IN
2023-03-10T04:08:44.556Z INFO GATE:22 LOCATION:Toronto ID:lmo IN
2023-03-10T04:08:52.598Z INFO GATE:122 LOCATION:Montreal ID:pqr IN
2023-03-10T04:08:56.639Z INFO GATE:22 LOCATION:Toronto ID:lmo OUT
2023-03-10T04:09:01.679Z INFO GATE:8 LOCATION:Calgary ID:xyz OUT
2023-03-10T04:09:10.725Z INFO GATE:122 LOCATION:Montreal ID:pqr OUT
2023-03-10T04:09:10.743Z INFO GATE:8 LOCATION:Calgary ID:xyz IN
2023-03-10T04:09:16.785Z INFO GATE:22 LOCATION:Toronto ID:lmo IN
2023-03-10T04:09:20.830Z INFO GATE:122 LOCATION:Montreal ID:pqr IN
2023-03-10T04:09:28.877Z INFO GATE:22 LOCATION:Toronto ID:lmo OUT
2023-03-10T04:09:33.920Z INFO GATE:8 LOCATION:Calgary ID:xyz OUT
2023-03-10T04:09:35.959Z INFO GATE:122 LOCATION:Montreal ID:pqr OUT
2023-03-10T04:09:35.978Z INFO GATE:8 LOCATION:Calgary ID:xyz IN
2023-03-10T04:09:45.022Z INFO GATE:22 LOCATION:Toronto ID:lmo IN
2023-03-10T04:09:54.076Z INFO GATE:122 LOCATION:Montreal ID:pqr IN
2023-03-10T04:10:03.127Z INFO GATE:22 LOCATION:Toronto ID:lmo OUT
2023-03-10T04:10:12.177Z INFO GATE:8 LOCATION:Calgary ID:xyz OUT
2023-03-10T04:10:21.213Z INFO GATE:122 LOCATION:Montreal ID:pqr OUT
2023-03-10T04:10:21.232Z INFO GATE:8 LOCATION:Calgary ID:xyz IN
2023-03-10T04:10:29.275Z INFO GATE:22 LOCATION:Toronto ID:lmo IN
2023-03-10T04:10:34.321Z INFO GATE:122 LOCATION:Montreal ID:pqr IN
2023-03-10T04:10:39.360Z INFO GATE:22 LOCATION:Toronto ID:lmo OUT
2023-03-10T04:10:47.401Z INFO GATE:8 LOCATION:Calgary ID:xyz OUT
2023-03-10T04:10:51.442Z INFO GATE:122 LOCATION:Montreal ID:pqr OUT
2023-03-10T04:10:51.460Z INFO GATE:8 LOCATION:Calgary ID:xyz IN
2023-03-10T04:10:59.503Z INFO GATE:22 LOCATION:Toronto ID:lmo IN
2023-03-10T04:11:07.537Z INFO GATE:122 LOCATION:Montreal ID:pqr IN
2023-03-10T04:11:10.572Z INFO GATE:22 LOCATION:Toronto ID:lmo OUT
2023-03-10T04:11:17.616Z INFO GATE:8 LOCATION:Calgary ID:xyz OUT
2023-03-10T04:11:23.661Z INFO GATE:122 LOCATION:Montreal ID:pqr OUT
2023-03-10T04:11:23.681Z INFO GATE:8 LOCATION:Calgary ID:xyz IN
2023-03-10T04:11:25.719Z INFO GATE:22 LOCATION:Toronto ID:lmo IN
2023-03-10T04:11:30.762Z INFO GATE:122 LOCATION:Montreal ID:pqr IN
2023-03-10T04:11:37.803Z INFO GATE:22 LOCATION:Toronto ID:lmo OUT
2023-03-10T04:11:44.846Z INFO GATE:8 LOCATION:Calgary ID:xyz OUT
2023-03-10T04:11:47.887Z INFO GATE:122 LOCATION:Montreal ID:pqr OUT
2023-03-10T04:11:47.906Z INFO GATE:8 LOCATION:Calgary ID:xyz IN
2023-03-10T04:11:52.946Z INFO GATE:22 LOCATION:Toronto ID:lmo IN
2023-03-10T04:11:54.989Z INFO GATE:122 LOCATION:Montreal ID:pqr IN
2023-03-10T04:12:00.032Z INFO GATE:22 LOCATION:Toronto ID:lmo OUT
2023-03-10T04:12:08.059Z INFO GATE:8 LOCATION:Calgary ID:xyz OUT
2023-03-10T04:12:12.102Z INFO GATE:122 LOCATION:Montreal ID:pqr OUT
2023-03-10T04:12:12.120Z INFO GATE:8 LOCATION:Calgary ID:xyz IN
2023-03-10T04:12:19.162Z INFO GATE:22 LOCATION:Toronto ID:lmo IN
2023-03-10T04:12:22.222Z INFO GATE:122 LOCATION:Montreal ID:pqr IN
2023-03-10T04:12:28.264Z INFO GATE:22 LOCATION:Toronto ID:lmo OUT
2023-03-10T04:12:35.305Z INFO GATE:8 LOCATION:Calgary ID:xyz OUT
2023-03-10T04:12:39.343Z INFO GATE:122 LOCATION:Montreal ID:pqr OUT
2023-03-10T04:12:39.376Z INFO GATE:8 LOCATION:Calgary ID:xyz IN
2023-03-10T04:12:44.417Z INFO GATE:22 LOCATION:Toronto ID:lmo IN
2023-03-10T04:12:51.460Z INFO GATE:122 LOCATION:Montreal ID:pqr IN
2023-03-10T04:13:00.492Z INFO GATE:22 LOCATION:Toronto ID:lmo OUT
2023-03-10T04:13:03.526Z INFO GATE:8 LOCATION:Calgary ID:xyz OUT
2023-03-10T04:13:07.563Z INFO GATE:122 LOCATION:Montreal ID:pqr OUT
2023-03-10T04:13:07.581Z INFO GATE:8 LOCATION:Calgary ID:xyz IN
2023-03-10T04:13:14.625Z INFO GATE:22 LOCATION:Toronto ID:lmo IN
2023-03-10T04:13:19.666Z INFO GATE:122 LOCATION:Montreal ID:pqr IN
2023-03-10T04:13:23.708Z INFO GATE:22 LOCATION:Toronto ID:lmo OUT
2023-03-10T04:13:30.751Z INFO GATE:8 LOCATION:Calgary ID:xyz OUT
2023-03-10T04:13:35.789Z INFO GATE:122 LOCATION:Montreal ID:pqr OUT
2023-03-10T04:13:35.807Z INFO GATE:8 LOCATION:Calgary ID:xyz IN
2023-03-10T04:13:42.844Z INFO GATE:22 LOCATION:Toronto ID:lmo IN
2023-03-10T04:13:50.889Z INFO GATE:122 LOCATION:Montreal ID:pqr IN
2023-03-10T04:13:58.936Z INFO GATE:22 LOCATION:Toronto ID:lmo OUT
2023-03-10T04:14:01.982Z INFO GATE:8 LOCATION:Calgary ID:xyz OUT
2023-03-10T04:14:10.023Z INFO GATE:122 LOCATION:Montreal ID:pqr OUT
